<?xml version="1.0" encoding="UTF-8"?>
<!-- Generated by org.testng.reporters.JUnitXMLReporter -->
<testsuite hostname="vineet-pc" name="Default test" tests="5" failures="0" timestamp="22 Sep 2017 22:47:02 GMT" time="57.104" errors="0">
  <testcase name="verifyContactFormForValidAndEmptyInputs" time="6.699" classname="tests.TestRoom5"/>
  <testcase name="verifyPresenceofLinksInMenuLogoandSearchBar" time="0.904" classname="tests.TestRoom5"/>
  <testcase name="verifySearchBarFunctionalityWithValidAndInvalidInputs" time="4.187" classname="tests.TestRoom5"/>
  <testcase name="verifyThatCountryDropdownRedirectsToAppropriateLink" time="15.324" classname="tests.TestRoom5"/>
  <testcase name="verifyThatHotelNameFromBookMeInButtonMatchesWithRedirectedHotel" time="15.885" classname="tests.TestRoom5"/>
</testsuite> <!-- Default test -->
