<?xml version="1.0" encoding="UTF-8"?>
<!-- Generated by org.testng.reporters.JUnitXMLReporter -->
<testsuite hostname="vineet-pc" name="Default test" tests="2" failures="0" timestamp="19 Jun 2018 19:23:27 GMT" time="19.278" errors="0">
  <testcase name="verifySearchBarFunctionalityWithInvalidInputs" time="1.543" classname="tests.GoogleSearchTest"/>
  <testcase name="verifySearchBarFunctionalityWithValidInputs" time="1.575" classname="tests.GoogleSearchTest"/>
</testsuite> <!-- Default test -->
