<?xml version="1.0" encoding="UTF-8"?>
<!-- Generated by org.testng.reporters.JUnitXMLReporter -->
<testsuite hostname="vineet-pc" name="Default test" tests="2" failures="0" timestamp="16 Jun 2018 19:20:12 GMT" time="13.156" errors="0">
  <testcase name="verifySearchBarFunctionalityWithInvalidInputs" time="2.283" classname="tests.GoogleSearchTest"/>
  <testcase name="verifySearchBarFunctionalityWithValidInputs" time="1.405" classname="tests.GoogleSearchTest"/>
</testsuite> <!-- Default test -->
