<?xml version="1.0" encoding="UTF-8"?>
<testng-results skipped="0" failed="0" total="2" passed="2">
  <reporter-output>
  </reporter-output>
  <suite name="Default suite" duration-ms="19278" started-at="2018-06-19T19:23:07Z" finished-at="2018-06-19T19:23:27Z">
    <groups>
    </groups>
    <test name="Default test" duration-ms="19278" started-at="2018-06-19T19:23:07Z" finished-at="2018-06-19T19:23:27Z">
      <class name="tests.GoogleSearchTest">
        <test-method status="PASS" signature="setup()[pri:0, instance:tests.GoogleSearchTest@1240158]" name="setup" is-config="true" duration-ms="8759" started-at="2018-06-19T21:23:07Z" finished-at="2018-06-19T21:23:16Z">
          <reporter-output>
          </reporter-output>
        </test-method> <!-- setup -->
        <test-method status="PASS" signature="redirectToHome()[pri:0, instance:tests.GoogleSearchTest@1240158]" name="redirectToHome" is-config="true" duration-ms="2119" started-at="2018-06-19T21:23:16Z" finished-at="2018-06-19T21:23:18Z">
          <reporter-output>
          </reporter-output>
        </test-method> <!-- redirectToHome -->
        <test-method status="PASS" signature="verifySearchBarFunctionalityWithInvalidInputs()[pri:0, instance:tests.GoogleSearchTest@1240158]" name="verifySearchBarFunctionalityWithInvalidInputs" duration-ms="1543" started-at="2018-06-19T21:23:18Z" finished-at="2018-06-19T21:23:20Z">
          <reporter-output>
          </reporter-output>
        </test-method> <!-- verifySearchBarFunctionalityWithInvalidInputs -->
        <test-method status="PASS" signature="redirectToHome()[pri:0, instance:tests.GoogleSearchTest@1240158]" name="redirectToHome" is-config="true" duration-ms="351" started-at="2018-06-19T21:23:20Z" finished-at="2018-06-19T21:23:20Z">
          <reporter-output>
          </reporter-output>
        </test-method> <!-- redirectToHome -->
        <test-method status="PASS" signature="verifySearchBarFunctionalityWithValidInputs()[pri:0, instance:tests.GoogleSearchTest@1240158]" name="verifySearchBarFunctionalityWithValidInputs" duration-ms="1575" started-at="2018-06-19T21:23:20Z" finished-at="2018-06-19T21:23:22Z">
          <reporter-output>
          </reporter-output>
        </test-method> <!-- verifySearchBarFunctionalityWithValidInputs -->
        <test-method status="PASS" signature="cleanUp()[pri:0, instance:tests.GoogleSearchTest@1240158]" name="cleanUp" is-config="true" duration-ms="4870" started-at="2018-06-19T21:23:22Z" finished-at="2018-06-19T21:23:27Z">
          <reporter-output>
          </reporter-output>
        </test-method> <!-- cleanUp -->
      </class> <!-- tests.GoogleSearchTest -->
    </test> <!-- Default test -->
  </suite> <!-- Default suite -->
</testng-results>
